
Cannot read property 'length' of undefined
Cannot read property 'length' of undefined
Cannot read property 'length' of undefined
Cannot read property 'length' of undefined
error
error
error
ErrorError

ErrorError

TypeError: Hash.hash is not a functionTypeError: Hash.hash is not a function

error
error
ErrorError

ErrorError

TypeError: Hash.hash is not a functionTypeError: Hash.hash is not a function

TypeError: Hash.hash is not a function
TypeError: Hash.hash is not a function
TypeError: Hash.hash is not a function
error
error
error
ErrorErrorError

Error

